<?xml version="1.0" encoding="UTF-8"?>
<faces-config version="2.1" xmlns="http://xmlns.jcp.org/xml/ns/javaee"
	xmlns:xsi="http://www.w3.org/2001/XMLSchema-instance"
	xsi:schemaLocation="http://xmlns.jcp.org/xml/ns/javaee http://xmlns.jcp.org/xml/ns/javaee/web-facesconfig_2_1.xsd">

	<application>
		<!--
			<message-bundle>messages</message-bundle>
		-->
		<locale-config>
			<default-locale>en</default-locale>
		</locale-config>
		<view-handler>com.sun.facelets.FaceletViewHandler</view-handler>
	</application>
	<managed-bean>
	   <managed-bean-name>bean</managed-bean-name>
	   <managed-bean-class>org.richfaces.Bean</managed-bean-class>
	   <managed-bean-scope>session</managed-bean-scope>
	</managed-bean>
</faces-config>
